<?xml version="1.0" encoding="UTF-8"?>
<!-- Generated by org.testng.reporters.JUnitReportReporter -->
<testsuite hostname="bhavanikrishna" failures="0" tests="1" name="com.qa.pages.Assessment" time="50.348" errors="0" timestamp="2020-11-27T23:00:28 IST" skipped="0">
  <testcase classname="com.qa.pages.Assessment" name="Test" time="50.348"/>
  <system-out/>
</testsuite> <!-- com.qa.pages.Assessment -->
